{"/Users/Bryan/Documents/meet/src/App.js": {"path":"/Users/Bryan/Documents/meet/src/App.js","statementMap":{"0":{"start":{"line":18,"column":4},"end":{"line":25,"column":7}},"1":{"start":{"line":19,"column":29},"end":{"line":21,"column":61}},"2":{"start":{"line":21,"column":33},"end":{"line":21,"column":60}},"3":{"start":{"line":22,"column":6},"end":{"line":24,"column":9}},"4":{"start":{"line":29,"column":4},"end":{"line":29,"column":24}},"5":{"start":{"line":30,"column":4},"end":{"line":34,"column":7}},"6":{"start":{"line":31,"column":6},"end":{"line":33,"column":7}},"7":{"start":{"line":32,"column":8},"end":{"line":32,"column":71}},"8":{"start":{"line":38,"column":4},"end":{"line":38,"column":25}},"9":{"start":{"line":43,"column":4},"end":{"line":49,"column":6}}},"fnMap":{"0":{"name":"(anonymous_0)","decl":{"start":{"line":17,"column":17},"end":{"line":17,"column":18}},"loc":{"start":{"line":17,"column":31},"end":{"line":26,"column":3}},"line":17},"1":{"name":"(anonymous_1)","decl":{"start":{"line":18,"column":21},"end":{"line":18,"column":22}},"loc":{"start":{"line":18,"column":33},"end":{"line":25,"column":5}},"line":18},"2":{"name":"(anonymous_2)","decl":{"start":{"line":21,"column":22},"end":{"line":21,"column":23}},"loc":{"start":{"line":21,"column":33},"end":{"line":21,"column":60}},"line":21},"3":{"name":"(anonymous_3)","decl":{"start":{"line":28,"column":2},"end":{"line":28,"column":3}},"loc":{"start":{"line":28,"column":22},"end":{"line":35,"column":3}},"line":28},"4":{"name":"(anonymous_4)","decl":{"start":{"line":30,"column":21},"end":{"line":30,"column":22}},"loc":{"start":{"line":30,"column":33},"end":{"line":34,"column":5}},"line":30},"5":{"name":"(anonymous_5)","decl":{"start":{"line":37,"column":2},"end":{"line":37,"column":3}},"loc":{"start":{"line":37,"column":24},"end":{"line":39,"column":3}},"line":37},"6":{"name":"(anonymous_6)","decl":{"start":{"line":42,"column":2},"end":{"line":42,"column":3}},"loc":{"start":{"line":42,"column":11},"end":{"line":50,"column":3}},"line":42}},"branchMap":{"0":{"loc":{"start":{"line":19,"column":29},"end":{"line":21,"column":61}},"type":"cond-expr","locations":[{"start":{"line":20,"column":8},"end":{"line":20,"column":14}},{"start":{"line":21,"column":8},"end":{"line":21,"column":61}}],"line":19},"1":{"loc":{"start":{"line":31,"column":6},"end":{"line":33,"column":7}},"type":"if","locations":[{"start":{"line":31,"column":6},"end":{"line":33,"column":7}},{"start":{"line":31,"column":6},"end":{"line":33,"column":7}}],"line":31}},"s":{"0":2,"1":2,"2":2,"3":2,"4":5,"5":5,"6":5,"7":3,"8":4,"9":10},"f":{"0":2,"1":2,"2":2,"3":5,"4":5,"5":4,"6":10},"b":{"0":[1,1],"1":[3,2]},"_coverageSchema":"332fd63041d2c1bcb487cc26dd0d5f7d97098a6c","hash":"9d1e052ab215e4cc60742d3e553495ae002e70b7"}
,"/Users/Bryan/Documents/meet/src/CitySearch.js": {"path":"/Users/Bryan/Documents/meet/src/CitySearch.js","statementMap":{"0":{"start":{"line":11,"column":22},"end":{"line":11,"column":40}},"1":{"start":{"line":12,"column":28},"end":{"line":14,"column":10}},"2":{"start":{"line":13,"column":10},"end":{"line":13,"column":74}},"3":{"start":{"line":15,"column":8},"end":{"line":18,"column":11}},"4":{"start":{"line":22,"column":8},"end":{"line":24,"column":11}},"5":{"start":{"line":26,"column":8},"end":{"line":26,"column":44}},"6":{"start":{"line":30,"column":4},"end":{"line":50,"column":6}},"7":{"start":{"line":40,"column":4},"end":{"line":43,"column":22}},"8":{"start":{"line":42,"column":21},"end":{"line":42,"column":55}},"9":{"start":{"line":45,"column":27},"end":{"line":45,"column":56}}},"fnMap":{"0":{"name":"(anonymous_0)","decl":{"start":{"line":10,"column":27},"end":{"line":10,"column":28}},"loc":{"start":{"line":10,"column":38},"end":{"line":19,"column":7}},"line":10},"1":{"name":"(anonymous_1)","decl":{"start":{"line":12,"column":56},"end":{"line":12,"column":57}},"loc":{"start":{"line":12,"column":70},"end":{"line":14,"column":9}},"line":12},"2":{"name":"(anonymous_2)","decl":{"start":{"line":21,"column":26},"end":{"line":21,"column":27}},"loc":{"start":{"line":21,"column":42},"end":{"line":27,"column":7}},"line":21},"3":{"name":"(anonymous_3)","decl":{"start":{"line":29,"column":2},"end":{"line":29,"column":3}},"loc":{"start":{"line":29,"column":11},"end":{"line":51,"column":3}},"line":29},"4":{"name":"(anonymous_4)","decl":{"start":{"line":39,"column":30},"end":{"line":39,"column":31}},"loc":{"start":{"line":40,"column":4},"end":{"line":43,"column":22}},"line":40},"5":{"name":"(anonymous_5)","decl":{"start":{"line":42,"column":15},"end":{"line":42,"column":16}},"loc":{"start":{"line":42,"column":21},"end":{"line":42,"column":55}},"line":42},"6":{"name":"(anonymous_6)","decl":{"start":{"line":45,"column":21},"end":{"line":45,"column":22}},"loc":{"start":{"line":45,"column":27},"end":{"line":45,"column":56}},"line":45}},"branchMap":{},"s":{"0":2,"1":2,"2":4,"3":2,"4":3,"5":3,"6":19,"7":14,"8":1,"9":1},"f":{"0":2,"1":4,"2":3,"3":19,"4":14,"5":1,"6":1},"b":{},"_coverageSchema":"332fd63041d2c1bcb487cc26dd0d5f7d97098a6c","hash":"ebd95b9141eb9a021906d43d5a0570034a1e2bac"}
,"/Users/Bryan/Documents/meet/src/Event.js": {"path":"/Users/Bryan/Documents/meet/src/Event.js","statementMap":{"0":{"start":{"line":4,"column":8},"end":{"line":4,"column":27}}},"fnMap":{"0":{"name":"(anonymous_0)","decl":{"start":{"line":3,"column":4},"end":{"line":3,"column":5}},"loc":{"start":{"line":3,"column":13},"end":{"line":5,"column":5}},"line":3}},"branchMap":{},"s":{"0":7},"f":{"0":7},"b":{},"_coverageSchema":"332fd63041d2c1bcb487cc26dd0d5f7d97098a6c","hash":"cc6bb0cd1a5a7419cf70274a5836c03714a3d1f3"}
,"/Users/Bryan/Documents/meet/src/EventList.js": {"path":"/Users/Bryan/Documents/meet/src/EventList.js","statementMap":{"0":{"start":{"line":6,"column":27},"end":{"line":6,"column":37}},"1":{"start":{"line":7,"column":8},"end":{"line":15,"column":10}},"2":{"start":{"line":10,"column":14},"end":{"line":12,"column":19}}},"fnMap":{"0":{"name":"(anonymous_0)","decl":{"start":{"line":5,"column":4},"end":{"line":5,"column":5}},"loc":{"start":{"line":5,"column":13},"end":{"line":16,"column":7}},"line":5},"1":{"name":"(anonymous_1)","decl":{"start":{"line":9,"column":24},"end":{"line":9,"column":25}},"loc":{"start":{"line":10,"column":14},"end":{"line":12,"column":19}},"line":10}},"branchMap":{},"s":{"0":9,"1":9,"2":9},"f":{"0":9,"1":9},"b":{},"_coverageSchema":"332fd63041d2c1bcb487cc26dd0d5f7d97098a6c","hash":"b8544e555ba7722bc6a6ff3be3d6daddb9f10fdd"}
,"/Users/Bryan/Documents/meet/src/NumberOfEvents.js": {"path":"/Users/Bryan/Documents/meet/src/NumberOfEvents.js","statementMap":{"0":{"start":{"line":5,"column":8},"end":{"line":16,"column":9}},"1":{"start":{"line":6,"column":12},"end":{"line":9,"column":14}},"2":{"start":{"line":11,"column":12},"end":{"line":11,"column":67}},"3":{"start":{"line":12,"column":12},"end":{"line":15,"column":15}},"4":{"start":{"line":20,"column":8},"end":{"line":20,"column":16}},"5":{"start":{"line":21,"column":8},"end":{"line":24,"column":9}},"6":{"start":{"line":28,"column":33},"end":{"line":28,"column":43}},"7":{"start":{"line":30,"column":8},"end":{"line":36,"column":10}}},"fnMap":{"0":{"name":"(anonymous_0)","decl":{"start":{"line":4,"column":25},"end":{"line":4,"column":26}},"loc":{"start":{"line":4,"column":36},"end":{"line":17,"column":5}},"line":4},"1":{"name":"(anonymous_1)","decl":{"start":{"line":19,"column":4},"end":{"line":19,"column":5}},"loc":{"start":{"line":19,"column":18},"end":{"line":25,"column":5}},"line":19},"2":{"name":"(anonymous_2)","decl":{"start":{"line":27,"column":4},"end":{"line":27,"column":5}},"loc":{"start":{"line":27,"column":13},"end":{"line":37,"column":5}},"line":27}},"branchMap":{"0":{"loc":{"start":{"line":5,"column":8},"end":{"line":16,"column":9}},"type":"if","locations":[{"start":{"line":5,"column":8},"end":{"line":16,"column":9}},{"start":{"line":5,"column":8},"end":{"line":16,"column":9}}],"line":5},"1":{"loc":{"start":{"line":5,"column":12},"end":{"line":5,"column":62}},"type":"binary-expr","locations":[{"start":{"line":5,"column":12},"end":{"line":5,"column":35}},{"start":{"line":5,"column":39},"end":{"line":5,"column":62}}],"line":5}},"s":{"0":1,"1":0,"2":1,"3":1,"4":6,"5":6,"6":12,"7":12},"f":{"0":1,"1":6,"2":12},"b":{"0":[0,1],"1":[1,1]},"_coverageSchema":"332fd63041d2c1bcb487cc26dd0d5f7d97098a6c","hash":"a8a41a5b016072e49fb237f7311f98fbffff99a0"}
,"/Users/Bryan/Documents/meet/src/api.js": {"path":"/Users/Bryan/Documents/meet/src/api.js","statementMap":{"0":{"start":{"line":3,"column":32},"end":{"line":7,"column":3}},"1":{"start":{"line":4,"column":27},"end":{"line":4,"column":64}},"2":{"start":{"line":4,"column":49},"end":{"line":4,"column":63}},"3":{"start":{"line":5,"column":20},"end":{"line":5,"column":50}},"4":{"start":{"line":6,"column":4},"end":{"line":6,"column":21}},"5":{"start":{"line":9,"column":27},"end":{"line":11,"column":3}},"6":{"start":{"line":10,"column":4},"end":{"line":10,"column":20}}},"fnMap":{"0":{"name":"(anonymous_0)","decl":{"start":{"line":3,"column":32},"end":{"line":3,"column":33}},"loc":{"start":{"line":3,"column":44},"end":{"line":7,"column":3}},"line":3},"1":{"name":"(anonymous_1)","decl":{"start":{"line":4,"column":38},"end":{"line":4,"column":39}},"loc":{"start":{"line":4,"column":49},"end":{"line":4,"column":63}},"line":4},"2":{"name":"(anonymous_2)","decl":{"start":{"line":9,"column":27},"end":{"line":9,"column":28}},"loc":{"start":{"line":9,"column":39},"end":{"line":11,"column":3}},"line":9}},"branchMap":{},"s":{"0":2,"1":6,"2":12,"3":6,"4":6,"5":2,"6":9},"f":{"0":6,"1":12,"2":9},"b":{},"_coverageSchema":"332fd63041d2c1bcb487cc26dd0d5f7d97098a6c","hash":"8ced2abce263aaf8d5089fe711ce504ef73d2603"}
,"/Users/Bryan/Documents/meet/src/index.js": {"path":"/Users/Bryan/Documents/meet/src/index.js","statementMap":{"0":{"start":{"line":1,"column":0},"end":{"line":null,"column":-1}},"1":{"start":{"line":2,"column":0},"end":{"line":null,"column":-1}},"2":{"start":{"line":3,"column":0},"end":{"line":null,"column":-1}},"3":{"start":{"line":4,"column":0},"end":{"line":null,"column":-1}},"4":{"start":{"line":5,"column":0},"end":{"line":null,"column":-1}},"5":{"start":{"line":6,"column":0},"end":{"line":null,"column":-1}},"6":{"start":{"line":8,"column":13},"end":{"line":8,"column":0}},"7":{"start":{"line":23,"column":0},"end":{"line":null,"column":-1}}},"fnMap":{},"branchMap":{},"s":{"0":0,"1":0,"2":0,"3":0,"4":0,"5":0,"6":0,"7":0},"f":{},"b":{}}
,"/Users/Bryan/Documents/meet/src/mock-data.js": {"path":"/Users/Bryan/Documents/meet/src/mock-data.js","statementMap":{"0":{"start":{"line":1,"column":17},"end":{"line":81,"column":1}}},"fnMap":{},"branchMap":{},"s":{"0":3},"f":{},"b":{},"_coverageSchema":"332fd63041d2c1bcb487cc26dd0d5f7d97098a6c","hash":"91a41c73cb182be4bab0c41089e9632f9d3acd46"}
,"/Users/Bryan/Documents/meet/src/setupTests.js": {"path":"/Users/Bryan/Documents/meet/src/setupTests.js","statementMap":{"0":{"start":{"line":9,"column":0},"end":{"line":9,"column":45}}},"fnMap":{},"branchMap":{},"s":{"0":4},"f":{},"b":{},"_coverageSchema":"332fd63041d2c1bcb487cc26dd0d5f7d97098a6c","hash":"79fa638913bfdc161e6f7495b934e4a76a6b9339"}
}
